  [1m[35m (240.5ms)[0m  [1m[35mCREATE DATABASE "routes_and_controllers_development" ENCODING = 'unicode'[0m
  [1m[35m (114.7ms)[0m  [1m[35mCREATE DATABASE "routes_and_controllers_test" ENCODING = 'unicode'[0m
Started GET "/chirps/1" for ::1 at 2023-09-27 13:42:49 -0400
  
ActionController::RoutingError (No route matches [GET] "/chirps/1"):
  
Started GET "/chirps/1" for ::1 at 2023-09-27 13:42:51 -0400
  
ActionController::RoutingError (No route matches [GET] "/chirps/1"):
  
Started GET "/" for ::1 at 2023-09-27 13:42:54 -0400
Processing by Rails::WelcomeController#index as HTML
  Rendering /Users/omarahmed/.rbenv/versions/3.1.1/lib/ruby/gems/3.1.0/gems/railties-7.0.8/lib/rails/templates/rails/welcome/index.html.erb
  Rendered /Users/omarahmed/.rbenv/versions/3.1.1/lib/ruby/gems/3.1.0/gems/railties-7.0.8/lib/rails/templates/rails/welcome/index.html.erb (Duration: 3.8ms | Allocations: 285)
Completed 200 OK in 10ms (Views: 7.4ms | ActiveRecord: 0.0ms | Allocations: 1211)


Started GET "/" for ::1 at 2023-09-27 13:43:16 -0400
Processing by Rails::WelcomeController#index as HTML
  Rendering /Users/omarahmed/.rbenv/versions/3.1.1/lib/ruby/gems/3.1.0/gems/railties-7.0.8/lib/rails/templates/rails/welcome/index.html.erb
  Rendered /Users/omarahmed/.rbenv/versions/3.1.1/lib/ruby/gems/3.1.0/gems/railties-7.0.8/lib/rails/templates/rails/welcome/index.html.erb (Duration: 1.3ms | Allocations: 528)
Completed 200 OK in 8ms (Views: 3.7ms | ActiveRecord: 0.0ms | Allocations: 4546)


Started GET "/users" for ::1 at 2023-09-27 13:44:12 -0400
Processing by UsersController#index as HTML
Completed 500 Internal Server Error in 2ms (ActiveRecord: 0.0ms | Allocations: 2417)



NameError - uninitialized constant UsersController::User
        render json: User.all
                     ^^^^:
  app/controllers/users_controller.rb:5:in `index'

Started POST "/__better_errors/3f51fc4271ca6d49/variables" for ::1 at 2023-09-27 13:44:12 -0400
Started GET "/users" for ::1 at 2023-09-27 13:44:18 -0400
Processing by UsersController#index as HTML
Completed 500 Internal Server Error in 2ms (ActiveRecord: 0.0ms | Allocations: 2311)



NameError - uninitialized constant UsersController::Users
        render json: Users.all
                     ^^^^^:
  app/controllers/users_controller.rb:5:in `index'

Started POST "/__better_errors/2ca1fb574d33ad09/variables" for ::1 at 2023-09-27 13:44:18 -0400
Started GET "/" for ::1 at 2023-09-27 13:45:06 -0400
Processing by Rails::WelcomeController#index as */*
  Rendering /Users/omarahmed/.rbenv/versions/3.1.1/lib/ruby/gems/3.1.0/gems/railties-7.0.8/lib/rails/templates/rails/welcome/index.html.erb
  Rendered /Users/omarahmed/.rbenv/versions/3.1.1/lib/ruby/gems/3.1.0/gems/railties-7.0.8/lib/rails/templates/rails/welcome/index.html.erb (Duration: 4.6ms | Allocations: 281)
Completed 200 OK in 11ms (Views: 7.8ms | ActiveRecord: 0.0ms | Allocations: 1022)


Started GET "/users" for ::1 at 2023-09-27 13:45:11 -0400
Processing by UsersController#index as */*
Completed 500 Internal Server Error in 7ms (ActiveRecord: 0.0ms | Allocations: 2345)



NameError - uninitialized constant UsersController::Users
        render json: Users.all
                     ^^^^^:
  app/controllers/users_controller.rb:5:in `index'

Started GET "/user" for ::1 at 2023-09-27 13:47:06 -0400
  
ActionController::RoutingError (No route matches [GET] "/user"):
  
Started GET "/users" for ::1 at 2023-09-27 13:47:13 -0400
Processing by UsersController#index as HTML
Completed 406 Not Acceptable in 1ms (ActiveRecord: 0.0ms | Allocations: 714)



ActionController::MissingExactTemplate - UsersController#index is missing a template for request formats: text/html:

Started POST "/__better_errors/5add6684a87d353b/variables" for ::1 at 2023-09-27 13:47:13 -0400
Started GET "/users" for ::1 at 2023-09-27 13:48:22 -0400
Processing by UsersController#index as HTML
  Rendering text template
  Rendered text template (Duration: 0.0ms | Allocations: 10)
Completed 200 OK in 19ms (Views: 19.1ms | ActiveRecord: 0.0ms | Allocations: 539)


Started GET "/users?admin=true" for ::1 at 2023-09-27 13:53:11 -0400
Processing by UsersController#index as HTML
  Parameters: {"admin"=>"true"}
  Rendering text template
  Rendered text template (Duration: 0.1ms | Allocations: 4)
Completed 200 OK in 3ms (Views: 2.1ms | ActiveRecord: 0.0ms | Allocations: 161)


Started GET "/users" for ::1 at 2023-09-27 13:53:30 -0400
Processing by UsersController#index as HTML
  Rendering text template
  Rendered text template (Duration: 0.0ms | Allocations: 5)
Completed 200 OK in 0ms (Views: 0.4ms | ActiveRecord: 0.0ms | Allocations: 142)


Started GET "/users?admin=true" for ::1 at 2023-09-27 13:54:08 -0400
Processing by UsersController#index as */*
  Parameters: {"admin"=>"true"}
  Rendering text template
  Rendered text template (Duration: 0.0ms | Allocations: 4)
Completed 200 OK in 1ms (Views: 0.6ms | ActiveRecord: 0.0ms | Allocations: 148)


Started POST "/users?admin=true" for ::1 at 2023-09-27 13:54:37 -0400

AbstractController::ActionNotFound - The action 'create' could not be found for UsersController:

Started POST "/users?admin=true" for ::1 at 2023-09-27 13:55:20 -0400
Processing by UsersController#create as */*
  Parameters: {"admin"=>"true"}
  Rendering text template
  Rendered text template (Duration: 0.0ms | Allocations: 7)
Completed 200 OK in 1ms (Views: 0.8ms | ActiveRecord: 0.0ms | Allocations: 437)


Started POST "/users?admin=true" for ::1 at 2023-09-27 13:55:59 -0400
Processing by UsersController#create as */*
  Parameters: {"admin"=>"true"}
Completed 200 OK in 1ms (Views: 0.3ms | ActiveRecord: 0.0ms | Allocations: 242)


